[2023-07-18 10:50:04] production.ERROR: Symfony\Component\Mailer\Transport\Dsn::__construct(): Argument #5 ($port) must be of type ?int, string given, called in /data01/virt121463/domeenid/www.turtlecheescake.eu/htdocs/vendor/laravel/framework/src/Illuminate/Mail/MailManager.php on line 186 {"exception":"[object] (TypeError(code: 0): Symfony\\Component\\Mailer\\Transport\\Dsn::__construct(): Argument #5 ($port) must be of type ?int, string given, called in /data01/virt121463/domeenid/www.turtlecheescake.eu/htdocs/vendor/laravel/framework/src/Illuminate/Mail/MailManager.php on line 186 at /data01/virt121463/domeenid/www.turtlecheescake.eu/htdocs/vendor/symfony/mailer/Transport/Dsn.php:28)
[stacktrace]
#0 /data01/virt121463/domeenid/www.turtlecheescake.eu/htdocs/vendor/laravel/framework/src/Illuminate/Mail/MailManager.php(186): Symfony\\Component\\Mailer\\Transport\\Dsn->__construct('smtp', '', '', Object(SensitiveParameterValue), '', Array)
#1 /data01/virt121463/domeenid/www.turtlecheescake.eu/htdocs/vendor/laravel/framework/src/Illuminate/Mail/MailManager.php(165): Illuminate\\Mail\\MailManager->createSmtpTransport(Array)
#2 /data01/virt121463/domeenid/www.turtlecheescake.eu/htdocs/vendor/laravel/framework/src/Illuminate/Mail/MailManager.php(123): Illuminate\\Mail\\MailManager->createSymfonyTransport(Array)
#3 /data01/virt121463/domeenid/www.turtlecheescake.eu/htdocs/vendor/laravel/framework/src/Illuminate/Mail/MailManager.php(98): Illuminate\\Mail\\MailManager->resolve('smtp')
#4 /data01/virt121463/domeenid/www.turtlecheescake.eu/htdocs/vendor/laravel/framework/src/Illuminate/Mail/MailManager.php(76): Illuminate\\Mail\\MailManager->get('smtp')
#5 /data01/virt121463/domeenid/www.turtlecheescake.eu/htdocs/vendor/laravel/framework/src/Illuminate/Notifications/Channels/MailChannel.php(66): Illuminate\\Mail\\MailManager->mailer('smtp')
#6 /data01/virt121463/domeenid/www.turtlecheescake.eu/htdocs/vendor/laravel/framework/src/Illuminate/Notifications/NotificationSender.php(148): Illuminate\\Notifications\\Channels\\MailChannel->send(Object(App\\Models\\Admin), Object(App\\Notifications\\Admin\\NewIdVerificationPending))
#7 /data01/virt121463/domeenid/www.turtlecheescake.eu/htdocs/vendor/laravel/framework/src/Illuminate/Notifications/NotificationSender.php(106): Illuminate\\Notifications\\NotificationSender->sendToNotifiable(Object(App\\Models\\Admin), '93a78880-4d4c-4...', Object(App\\Notifications\\Admin\\NewIdVerificationPending), 'mail')
#8 /data01/virt121463/domeenid/www.turtlecheescake.eu/htdocs/vendor/laravel/framework/src/Illuminate/Support/Traits/Localizable.php(19): Illuminate\\Notifications\\NotificationSender->Illuminate\\Notifications\\{closure}()
#9 /data01/virt121463/domeenid/www.turtlecheescake.eu/htdocs/vendor/laravel/framework/src/Illuminate/Notifications/NotificationSender.php(101): Illuminate\\Notifications\\NotificationSender->withLocale(NULL, Object(Closure))
#10 /data01/virt121463/domeenid/www.turtlecheescake.eu/htdocs/vendor/laravel/framework/src/Illuminate/Notifications/ChannelManager.php(54): Illuminate\\Notifications\\NotificationSender->sendNow(Object(Illuminate\\Database\\Eloquent\\Collection), Object(App\\Notifications\\Admin\\NewIdVerificationPending), Array)
#11 /data01/virt121463/domeenid/www.turtlecheescake.eu/htdocs/vendor/laravel/framework/src/Illuminate/Notifications/SendQueuedNotifications.php(112): Illuminate\\Notifications\\ChannelManager->sendNow(Object(Illuminate\\Database\\Eloquent\\Collection), Object(App\\Notifications\\Admin\\NewIdVerificationPending), Array)
#12 /data01/virt121463/domeenid/www.turtlecheescake.eu/htdocs/vendor/laravel/framework/src/Illuminate/Container/BoundMethod.php(36): Illuminate\\Notifications\\SendQueuedNotifications->handle(Object(Illuminate\\Notifications\\ChannelManager))
#13 /data01/virt121463/domeenid/www.turtlecheescake.eu/htdocs/vendor/laravel/framework/src/Illuminate/Container/Util.php(41): Illuminate\\Container\\BoundMethod::Illuminate\\Container\\{closure}()
#14 /data01/virt121463/domeenid/www.turtlecheescake.eu/htdocs/vendor/laravel/framework/src/Illuminate/Container/BoundMethod.php(93): Illuminate\\Container\\Util::unwrapIfClosure(Object(Closure))
#15 /data01/virt121463/domeenid/www.turtlecheescake.eu/htdocs/vendor/laravel/framework/src/Illuminate/Container/BoundMethod.php(35): Illuminate\\Container\\BoundMethod::callBoundMethod(Object(Illuminate\\Foundation\\Application), Array, Object(Closure))
#16 /data01/virt121463/domeenid/www.turtlecheescake.eu/htdocs/vendor/laravel/framework/src/Illuminate/Container/Container.php(662): Illuminate\\Container\\BoundMethod::call(Object(Illuminate\\Foundation\\Application), Array, Array, NULL)
#17 /data01/virt121463/domeenid/www.turtlecheescake.eu/htdocs/vendor/laravel/framework/src/Illuminate/Bus/Dispatcher.php(128): Illuminate\\Container\\Container->call(Array)
#18 /data01/virt121463/domeenid/www.turtlecheescake.eu/htdocs/vendor/laravel/framework/src/Illuminate/Pipeline/Pipeline.php(141): Illuminate\\Bus\\Dispatcher->Illuminate\\Bus\\{closure}(Object(Illuminate\\Notifications\\SendQueuedNotifications))
#19 /data01/virt121463/domeenid/www.turtlecheescake.eu/htdocs/vendor/laravel/framework/src/Illuminate/Pipeline/Pipeline.php(116): Illuminate\\Pipeline\\Pipeline->Illuminate\\Pipeline\\{closure}(Object(Illuminate\\Notifications\\SendQueuedNotifications))
#20 /data01/virt121463/domeenid/www.turtlecheescake.eu/htdocs/vendor/laravel/framework/src/Illuminate/Bus/Dispatcher.php(132): Illuminate\\Pipeline\\Pipeline->then(Object(Closure))
#21 /data01/virt121463/domeenid/www.turtlecheescake.eu/htdocs/vendor/laravel/framework/src/Illuminate/Queue/CallQueuedHandler.php(123): Illuminate\\Bus\\Dispatcher->dispatchNow(Object(Illuminate\\Notifications\\SendQueuedNotifications), false)
#22 /data01/virt121463/domeenid/www.turtlecheescake.eu/htdocs/vendor/laravel/framework/src/Illuminate/Pipeline/Pipeline.php(141): Illuminate\\Queue\\CallQueuedHandler->Illuminate\\Queue\\{closure}(Object(Illuminate\\Notifications\\SendQueuedNotifications))
#23 /data01/virt121463/domeenid/www.turtlecheescake.eu/htdocs/vendor/laravel/framework/src/Illuminate/Pipeline/Pipeline.php(116): Illuminate\\Pipeline\\Pipeline->Illuminate\\Pipeline\\{closure}(Object(Illuminate\\Notifications\\SendQueuedNotifications))
#24 /data01/virt121463/domeenid/www.turtlecheescake.eu/htdocs/vendor/laravel/framework/src/Illuminate/Queue/CallQueuedHandler.php(122): Illuminate\\Pipeline\\Pipeline->then(Object(Closure))
#25 /data01/virt121463/domeenid/www.turtlecheescake.eu/htdocs/vendor/laravel/framework/src/Illuminate/Queue/CallQueuedHandler.php(70): Illuminate\\Queue\\CallQueuedHandler->dispatchThroughMiddleware(Object(Illuminate\\Queue\\Jobs\\DatabaseJob), Object(Illuminate\\Notifications\\SendQueuedNotifications))
#26 /data01/virt121463/domeenid/www.turtlecheescake.eu/htdocs/vendor/laravel/framework/src/Illuminate/Queue/Jobs/Job.php(98): Illuminate\\Queue\\CallQueuedHandler->call(Object(Illuminate\\Queue\\Jobs\\DatabaseJob), Array)
#27 /data01/virt121463/domeenid/www.turtlecheescake.eu/htdocs/vendor/laravel/framework/src/Illuminate/Queue/Worker.php(439): Illuminate\\Queue\\Jobs\\Job->fire()
#28 /data01/virt121463/domeenid/www.turtlecheescake.eu/htdocs/vendor/laravel/framework/src/Illuminate/Queue/Worker.php(389): Illuminate\\Queue\\Worker->process('database', Object(Illuminate\\Queue\\Jobs\\DatabaseJob), Object(Illuminate\\Queue\\WorkerOptions))
#29 /data01/virt121463/domeenid/www.turtlecheescake.eu/htdocs/vendor/laravel/framework/src/Illuminate/Queue/Worker.php(176): Illuminate\\Queue\\Worker->runJob(Object(Illuminate\\Queue\\Jobs\\DatabaseJob), 'database', Object(Illuminate\\Queue\\WorkerOptions))
#30 /data01/virt121463/domeenid/www.turtlecheescake.eu/htdocs/vendor/laravel/framework/src/Illuminate/Queue/Console/WorkCommand.php(137): Illuminate\\Queue\\Worker->daemon('database', 'default', Object(Illuminate\\Queue\\WorkerOptions))
#31 /data01/virt121463/domeenid/www.turtlecheescake.eu/htdocs/vendor/laravel/framework/src/Illuminate/Queue/Console/WorkCommand.php(120): Illuminate\\Queue\\Console\\WorkCommand->runWorker('database', 'default')
#32 /data01/virt121463/domeenid/www.turtlecheescake.eu/htdocs/vendor/laravel/framework/src/Illuminate/Container/BoundMethod.php(36): Illuminate\\Queue\\Console\\WorkCommand->handle()
#33 /data01/virt121463/domeenid/www.turtlecheescake.eu/htdocs/vendor/laravel/framework/src/Illuminate/Container/Util.php(41): Illuminate\\Container\\BoundMethod::Illuminate\\Container\\{closure}()
#34 /data01/virt121463/domeenid/www.turtlecheescake.eu/htdocs/vendor/laravel/framework/src/Illuminate/Container/BoundMethod.php(93): Illuminate\\Container\\Util::unwrapIfClosure(Object(Closure))
#35 /data01/virt121463/domeenid/www.turtlecheescake.eu/htdocs/vendor/laravel/framework/src/Illuminate/Container/BoundMethod.php(35): Illuminate\\Container\\BoundMethod::callBoundMethod(Object(Illuminate\\Foundation\\Application), Array, Object(Closure))
#36 /data01/virt121463/domeenid/www.turtlecheescake.eu/htdocs/vendor/laravel/framework/src/Illuminate/Container/Container.php(662): Illuminate\\Container\\BoundMethod::call(Object(Illuminate\\Foundation\\Application), Array, Array, NULL)
#37 /data01/virt121463/domeenid/www.turtlecheescake.eu/htdocs/vendor/laravel/framework/src/Illuminate/Console/Command.php(208): Illuminate\\Container\\Container->call(Array)
#38 /data01/virt121463/domeenid/www.turtlecheescake.eu/htdocs/vendor/symfony/console/Command/Command.php(326): Illuminate\\Console\\Command->execute(Object(Symfony\\Component\\Console\\Input\\ArrayInput), Object(Illuminate\\Console\\OutputStyle))
#39 /data01/virt121463/domeenid/www.turtlecheescake.eu/htdocs/vendor/laravel/framework/src/Illuminate/Console/Command.php(177): Symfony\\Component\\Console\\Command\\Command->run(Object(Symfony\\Component\\Console\\Input\\ArrayInput), Object(Illuminate\\Console\\OutputStyle))
#40 /data01/virt121463/domeenid/www.turtlecheescake.eu/htdocs/vendor/symfony/console/Application.php(1081): Illuminate\\Console\\Command->run(Object(Symfony\\Component\\Console\\Input\\ArrayInput), Object(Symfony\\Component\\Console\\Output\\BufferedOutput))
#41 /data01/virt121463/domeenid/www.turtlecheescake.eu/htdocs/vendor/symfony/console/Application.php(320): Symfony\\Component\\Console\\Application->doRunCommand(Object(Illuminate\\Queue\\Console\\WorkCommand), Object(Symfony\\Component\\Console\\Input\\ArrayInput), Object(Symfony\\Component\\Console\\Output\\BufferedOutput))
#42 /data01/virt121463/domeenid/www.turtlecheescake.eu/htdocs/vendor/symfony/console/Application.php(174): Symfony\\Component\\Console\\Application->doRun(Object(Symfony\\Component\\Console\\Input\\ArrayInput), Object(Symfony\\Component\\Console\\Output\\BufferedOutput))
#43 /data01/virt121463/domeenid/www.turtlecheescake.eu/htdocs/vendor/laravel/framework/src/Illuminate/Console/Application.php(162): Symfony\\Component\\Console\\Application->run(Object(Symfony\\Component\\Console\\Input\\ArrayInput), Object(Symfony\\Component\\Console\\Output\\BufferedOutput))
#44 /data01/virt121463/domeenid/www.turtlecheescake.eu/htdocs/vendor/laravel/framework/src/Illuminate/Foundation/Console/Kernel.php(400): Illuminate\\Console\\Application->call('queue:work', Array, NULL)
#45 /data01/virt121463/domeenid/www.turtlecheescake.eu/htdocs/vendor/laravel/framework/src/Illuminate/Support/Facades/Facade.php(353): Illuminate\\Foundation\\Console\\Kernel->call('queue:work', Array)
#46 /data01/virt121463/domeenid/www.turtlecheescake.eu/htdocs/routes/web.php(24): Illuminate\\Support\\Facades\\Facade::__callStatic('call', Array)
#47 /data01/virt121463/domeenid/www.turtlecheescake.eu/htdocs/vendor/laravel/framework/src/Illuminate/Routing/CallableDispatcher.php(40): Illuminate\\Routing\\RouteFileRegistrar->{closure}()
#48 /data01/virt121463/domeenid/www.turtlecheescake.eu/htdocs/vendor/laravel/framework/src/Illuminate/Routing/Route.php(237): Illuminate\\Routing\\CallableDispatcher->dispatch(Object(Illuminate\\Routing\\Route), Object(Closure))
#49 /data01/virt121463/domeenid/www.turtlecheescake.eu/htdocs/vendor/laravel/framework/src/Illuminate/Routing/Route.php(208): Illuminate\\Routing\\Route->runCallable()
#50 /data01/virt121463/domeenid/www.turtlecheescake.eu/htdocs/vendor/laravel/framework/src/Illuminate/Routing/Router.php(799): Illuminate\\Routing\\Route->run()
#51 /data01/virt121463/domeenid/www.turtlecheescake.eu/htdocs/vendor/laravel/framework/src/Illuminate/Pipeline/Pipeline.php(141): Illuminate\\Routing\\Router->Illuminate\\Routing\\{closure}(Object(Illuminate\\Http\\Request))
#52 /data01/virt121463/domeenid/www.turtlecheescake.eu/htdocs/vendor/ralphjsmit/livewire-urls/src/Middleware/LivewireUrlsMiddleware.php(32): Illuminate\\Pipeline\\Pipeline->Illuminate\\Pipeline\\{closure}(Object(Illuminate\\Http\\Request))
#53 /data01/virt121463/domeenid/www.turtlecheescake.eu/htdocs/vendor/laravel/framework/src/Illuminate/Pipeline/Pipeline.php(180): RalphJSmit\\Livewire\\Urls\\Middleware\\LivewireUrlsMiddleware->handle(Object(Illuminate\\Http\\Request), Object(Closure))
#54 /data01/virt121463/domeenid/www.turtlecheescake.eu/htdocs/app/Http/Middleware/XFrameHeaders.php(31): Illuminate\\Pipeline\\Pipeline->Illuminate\\Pipeline\\{closure}(Object(Illuminate\\Http\\Request))
#55 /data01/virt121463/domeenid/www.turtlecheescake.eu/htdocs/vendor/laravel/framework/src/Illuminate/Pipeline/Pipeline.php(180): App\\Http\\Middleware\\XFrameHeaders->handle(Object(Illuminate\\Http\\Request), Object(Closure))
#56 /data01/virt121463/domeenid/www.turtlecheescake.eu/htdocs/app/Http/Middleware/UpgradeLevel.php(95): Illuminate\\Pipeline\\Pipeline->Illuminate\\Pipeline\\{closure}(Object(Illuminate\\Http\\Request))
#57 /data01/virt121463/domeenid/www.turtlecheescake.eu/htdocs/vendor/laravel/framework/src/Illuminate/Pipeline/Pipeline.php(180): App\\Http\\Middleware\\UpgradeLevel->handle(Object(Illuminate\\Http\\Request), Object(Closure))
#58 /data01/virt121463/domeenid/www.turtlecheescake.eu/htdocs/app/Http/Middleware/UserLastActivity.php(25): Illuminate\\Pipeline\\Pipeline->Illuminate\\Pipeline\\{closure}(Object(Illuminate\\Http\\Request))
#59 /data01/virt121463/domeenid/www.turtlecheescake.eu/htdocs/vendor/laravel/framework/src/Illuminate/Pipeline/Pipeline.php(180): App\\Http\\Middleware\\UserLastActivity->handle(Object(Illuminate\\Http\\Request), Object(Closure))
#60 /data01/virt121463/domeenid/www.turtlecheescake.eu/htdocs/app/Http/Middleware/SetLocale.php(65): Illuminate\\Pipeline\\Pipeline->Illuminate\\Pipeline\\{closure}(Object(Illuminate\\Http\\Request))
#61 /data01/virt121463/domeenid/www.turtlecheescake.eu/htdocs/vendor/laravel/framework/src/Illuminate/Pipeline/Pipeline.php(180): App\\Http\\Middleware\\SetLocale->handle(Object(Illuminate\\Http\\Request), Object(Closure))
#62 /data01/virt121463/domeenid/www.turtlecheescake.eu/htdocs/vendor/laravel/framework/src/Illuminate/Routing/Middleware/SubstituteBindings.php(50): Illuminate\\Pipeline\\Pipeline->Illuminate\\Pipeline\\{closure}(Object(Illuminate\\Http\\Request))
#63 /data01/virt121463/domeenid/www.turtlecheescake.eu/htdocs/vendor/laravel/framework/src/Illuminate/Pipeline/Pipeline.php(180): Illuminate\\Routing\\Middleware\\SubstituteBindings->handle(Object(Illuminate\\Http\\Request), Object(Closure))
#64 /data01/virt121463/domeenid/www.turtlecheescake.eu/htdocs/vendor/laravel/framework/src/Illuminate/Session/Middleware/AuthenticateSession.php(41): Illuminate\\Pipeline\\Pipeline->Illuminate\\Pipeline\\{closure}(Object(Illuminate\\Http\\Request))
#65 /data01/virt121463/domeenid/www.turtlecheescake.eu/htdocs/vendor/laravel/framework/src/Illuminate/Pipeline/Pipeline.php(180): Illuminate\\Session\\Middleware\\AuthenticateSession->handle(Object(Illuminate\\Http\\Request), Object(Closure))
#66 /data01/virt121463/domeenid/www.turtlecheescake.eu/htdocs/vendor/laravel/framework/src/Illuminate/Foundation/Http/Middleware/VerifyCsrfToken.php(78): Illuminate\\Pipeline\\Pipeline->Illuminate\\Pipeline\\{closure}(Object(Illuminate\\Http\\Request))
#67 /data01/virt121463/domeenid/www.turtlecheescake.eu/htdocs/app/Http/Middleware/VerifyCsrfToken.php(24): Illuminate\\Foundation\\Http\\Middleware\\VerifyCsrfToken->handle(Object(Illuminate\\Http\\Request), Object(Closure))
#68 /data01/virt121463/domeenid/www.turtlecheescake.eu/htdocs/vendor/laravel/framework/src/Illuminate/Pipeline/Pipeline.php(180): App\\Http\\Middleware\\VerifyCsrfToken->handle(Object(Illuminate\\Http\\Request), Object(Closure))
#69 /data01/virt121463/domeenid/www.turtlecheescake.eu/htdocs/vendor/laravel/framework/src/Illuminate/View/Middleware/ShareErrorsFromSession.php(49): Illuminate\\Pipeline\\Pipeline->Illuminate\\Pipeline\\{closure}(Object(Illuminate\\Http\\Request))
#70 /data01/virt121463/domeenid/www.turtlecheescake.eu/htdocs/vendor/laravel/framework/src/Illuminate/Pipeline/Pipeline.php(180): Illuminate\\View\\Middleware\\ShareErrorsFromSession->handle(Object(Illuminate\\Http\\Request), Object(Closure))
#71 /data01/virt121463/domeenid/www.turtlecheescake.eu/htdocs/vendor/laravel/framework/src/Illuminate/Session/Middleware/StartSession.php(121): Illuminate\\Pipeline\\Pipeline->Illuminate\\Pipeline\\{closure}(Object(Illuminate\\Http\\Request))
#72 /data01/virt121463/domeenid/www.turtlecheescake.eu/htdocs/vendor/laravel/framework/src/Illuminate/Session/Middleware/StartSession.php(64): Illuminate\\Session\\Middleware\\StartSession->handleStatefulRequest(Object(Illuminate\\Http\\Request), Object(Illuminate\\Session\\EncryptedStore), Object(Closure))
#73 /data01/virt121463/domeenid/www.turtlecheescake.eu/htdocs/vendor/laravel/framework/src/Illuminate/Pipeline/Pipeline.php(180): Illuminate\\Session\\Middleware\\StartSession->handle(Object(Illuminate\\Http\\Request), Object(Closure))
#74 /data01/virt121463/domeenid/www.turtlecheescake.eu/htdocs/vendor/laravel/framework/src/Illuminate/Cookie/Middleware/AddQueuedCookiesToResponse.php(37): Illuminate\\Pipeline\\Pipeline->Illuminate\\Pipeline\\{closure}(Object(Illuminate\\Http\\Request))
#75 /data01/virt121463/domeenid/www.turtlecheescake.eu/htdocs/vendor/laravel/framework/src/Illuminate/Pipeline/Pipeline.php(180): Illuminate\\Cookie\\Middleware\\AddQueuedCookiesToResponse->handle(Object(Illuminate\\Http\\Request), Object(Closure))
#76 /data01/virt121463/domeenid/www.turtlecheescake.eu/htdocs/vendor/laravel/framework/src/Illuminate/Cookie/Middleware/EncryptCookies.php(67): Illuminate\\Pipeline\\Pipeline->Illuminate\\Pipeline\\{closure}(Object(Illuminate\\Http\\Request))
#77 /data01/virt121463/domeenid/www.turtlecheescake.eu/htdocs/vendor/laravel/framework/src/Illuminate/Pipeline/Pipeline.php(180): Illuminate\\Cookie\\Middleware\\EncryptCookies->handle(Object(Illuminate\\Http\\Request), Object(Closure))
#78 /data01/virt121463/domeenid/www.turtlecheescake.eu/htdocs/vendor/laravel/framework/src/Illuminate/Pipeline/Pipeline.php(116): Illuminate\\Pipeline\\Pipeline->Illuminate\\Pipeline\\{closure}(Object(Illuminate\\Http\\Request))
#79 /data01/virt121463/domeenid/www.turtlecheescake.eu/htdocs/vendor/laravel/framework/src/Illuminate/Routing/Router.php(798): Illuminate\\Pipeline\\Pipeline->then(Object(Closure))
#80 /data01/virt121463/domeenid/www.turtlecheescake.eu/htdocs/vendor/laravel/framework/src/Illuminate/Routing/Router.php(777): Illuminate\\Routing\\Router->runRouteWithinStack(Object(Illuminate\\Routing\\Route), Object(Illuminate\\Http\\Request))
#81 /data01/virt121463/domeenid/www.turtlecheescake.eu/htdocs/vendor/laravel/framework/src/Illuminate/Routing/Router.php(741): Illuminate\\Routing\\Router->runRoute(Object(Illuminate\\Http\\Request), Object(Illuminate\\Routing\\Route))
#82 /data01/virt121463/domeenid/www.turtlecheescake.eu/htdocs/vendor/laravel/framework/src/Illuminate/Routing/Router.php(730): Illuminate\\Routing\\Router->dispatchToRoute(Object(Illuminate\\Http\\Request))
#83 /data01/virt121463/domeenid/www.turtlecheescake.eu/htdocs/vendor/laravel/framework/src/Illuminate/Foundation/Http/Kernel.php(200): Illuminate\\Routing\\Router->dispatch(Object(Illuminate\\Http\\Request))
#84 /data01/virt121463/domeenid/www.turtlecheescake.eu/htdocs/vendor/laravel/framework/src/Illuminate/Pipeline/Pipeline.php(141): Illuminate\\Foundation\\Http\\Kernel->Illuminate\\Foundation\\Http\\{closure}(Object(Illuminate\\Http\\Request))
#85 /data01/virt121463/domeenid/www.turtlecheescake.eu/htdocs/vendor/lukeraymonddowning/honey/src/Http/Middleware/BlockSpammers.php(19): Illuminate\\Pipeline\\Pipeline->Illuminate\\Pipeline\\{closure}(Object(Illuminate\\Http\\Request))
#86 /data01/virt121463/domeenid/www.turtlecheescake.eu/htdocs/vendor/laravel/framework/src/Illuminate/Pipeline/Pipeline.php(180): Lukeraymonddowning\\Honey\\Http\\Middleware\\BlockSpammers->handle(Object(Illuminate\\Http\\Request), Object(Closure))
#87 /data01/virt121463/domeenid/www.turtlecheescake.eu/htdocs/vendor/livewire/livewire/src/DisableBrowserCache.php(19): Illuminate\\Pipeline\\Pipeline->Illuminate\\Pipeline\\{closure}(Object(Illuminate\\Http\\Request))
#88 /data01/virt121463/domeenid/www.turtlecheescake.eu/htdocs/vendor/laravel/framework/src/Illuminate/Pipeline/Pipeline.php(180): Livewire\\DisableBrowserCache->handle(Object(Illuminate\\Http\\Request), Object(Closure))
#89 /data01/virt121463/domeenid/www.turtlecheescake.eu/htdocs/vendor/barryvdh/laravel-debugbar/src/Middleware/InjectDebugbar.php(59): Illuminate\\Pipeline\\Pipeline->Illuminate\\Pipeline\\{closure}(Object(Illuminate\\Http\\Request))
#90 /data01/virt121463/domeenid/www.turtlecheescake.eu/htdocs/vendor/laravel/framework/src/Illuminate/Pipeline/Pipeline.php(180): Barryvdh\\Debugbar\\Middleware\\InjectDebugbar->handle(Object(Illuminate\\Http\\Request), Object(Closure))
#91 /data01/virt121463/domeenid/www.turtlecheescake.eu/htdocs/vendor/laravel/framework/src/Illuminate/Foundation/Http/Middleware/TransformsRequest.php(21): Illuminate\\Pipeline\\Pipeline->Illuminate\\Pipeline\\{closure}(Object(Illuminate\\Http\\Request))
#92 /data01/virt121463/domeenid/www.turtlecheescake.eu/htdocs/vendor/laravel/framework/src/Illuminate/Foundation/Http/Middleware/ConvertEmptyStringsToNull.php(31): Illuminate\\Foundation\\Http\\Middleware\\TransformsRequest->handle(Object(Illuminate\\Http\\Request), Object(Closure))
#93 /data01/virt121463/domeenid/www.turtlecheescake.eu/htdocs/vendor/laravel/framework/src/Illuminate/Pipeline/Pipeline.php(180): Illuminate\\Foundation\\Http\\Middleware\\ConvertEmptyStringsToNull->handle(Object(Illuminate\\Http\\Request), Object(Closure))
#94 /data01/virt121463/domeenid/www.turtlecheescake.eu/htdocs/vendor/laravel/framework/src/Illuminate/Foundation/Http/Middleware/TransformsRequest.php(21): Illuminate\\Pipeline\\Pipeline->Illuminate\\Pipeline\\{closure}(Object(Illuminate\\Http\\Request))
#95 /data01/virt121463/domeenid/www.turtlecheescake.eu/htdocs/vendor/laravel/framework/src/Illuminate/Foundation/Http/Middleware/TrimStrings.php(40): Illuminate\\Foundation\\Http\\Middleware\\TransformsRequest->handle(Object(Illuminate\\Http\\Request), Object(Closure))
#96 /data01/virt121463/domeenid/www.turtlecheescake.eu/htdocs/vendor/laravel/framework/src/Illuminate/Pipeline/Pipeline.php(180): Illuminate\\Foundation\\Http\\Middleware\\TrimStrings->handle(Object(Illuminate\\Http\\Request), Object(Closure))
#97 /data01/virt121463/domeenid/www.turtlecheescake.eu/htdocs/vendor/laravel/framework/src/Illuminate/Foundation/Http/Middleware/ValidatePostSize.php(27): Illuminate\\Pipeline\\Pipeline->Illuminate\\Pipeline\\{closure}(Object(Illuminate\\Http\\Request))
#98 /data01/virt121463/domeenid/www.turtlecheescake.eu/htdocs/vendor/laravel/framework/src/Illuminate/Pipeline/Pipeline.php(180): Illuminate\\Foundation\\Http\\Middleware\\ValidatePostSize->handle(Object(Illuminate\\Http\\Request), Object(Closure))
#99 /data01/virt121463/domeenid/www.turtlecheescake.eu/htdocs/vendor/laravel/framework/src/Illuminate/Foundation/Http/Middleware/PreventRequestsDuringMaintenance.php(86): Illuminate\\Pipeline\\Pipeline->Illuminate\\Pipeline\\{closure}(Object(Illuminate\\Http\\Request))
#100 /data01/virt121463/domeenid/www.turtlecheescake.eu/htdocs/vendor/laravel/framework/src/Illuminate/Pipeline/Pipeline.php(180): Illuminate\\Foundation\\Http\\Middleware\\PreventRequestsDuringMaintenance->handle(Object(Illuminate\\Http\\Request), Object(Closure))
#101 /data01/virt121463/domeenid/www.turtlecheescake.eu/htdocs/vendor/laravel/framework/src/Illuminate/Http/Middleware/HandleCors.php(49): Illuminate\\Pipeline\\Pipeline->Illuminate\\Pipeline\\{closure}(Object(Illuminate\\Http\\Request))
#102 /data01/virt121463/domeenid/www.turtlecheescake.eu/htdocs/vendor/laravel/framework/src/Illuminate/Pipeline/Pipeline.php(180): Illuminate\\Http\\Middleware\\HandleCors->handle(Object(Illuminate\\Http\\Request), Object(Closure))
#103 /data01/virt121463/domeenid/www.turtlecheescake.eu/htdocs/vendor/laravel/framework/src/Illuminate/Http/Middleware/TrustProxies.php(39): Illuminate\\Pipeline\\Pipeline->Illuminate\\Pipeline\\{closure}(Object(Illuminate\\Http\\Request))
#104 /data01/virt121463/domeenid/www.turtlecheescake.eu/htdocs/vendor/laravel/framework/src/Illuminate/Pipeline/Pipeline.php(180): Illuminate\\Http\\Middleware\\TrustProxies->handle(Object(Illuminate\\Http\\Request), Object(Closure))
#105 /data01/virt121463/domeenid/www.turtlecheescake.eu/htdocs/vendor/laravel/framework/src/Illuminate/Pipeline/Pipeline.php(116): Illuminate\\Pipeline\\Pipeline->Illuminate\\Pipeline\\{closure}(Object(Illuminate\\Http\\Request))
#106 /data01/virt121463/domeenid/www.turtlecheescake.eu/htdocs/vendor/laravel/framework/src/Illuminate/Foundation/Http/Kernel.php(175): Illuminate\\Pipeline\\Pipeline->then(Object(Closure))
#107 /data01/virt121463/domeenid/www.turtlecheescake.eu/htdocs/vendor/laravel/framework/src/Illuminate/Foundation/Http/Kernel.php(144): Illuminate\\Foundation\\Http\\Kernel->sendRequestThroughRouter(Object(Illuminate\\Http\\Request))
#108 /data01/virt121463/domeenid/www.turtlecheescake.eu/htdocs/index.php(52): Illuminate\\Foundation\\Http\\Kernel->handle(Object(Illuminate\\Http\\Request))
#109 {main}
"} 
[2023-07-18 10:50:04] production.ERROR: Symfony\Component\Mailer\Transport\Dsn::__construct(): Argument #5 ($port) must be of type ?int, string given, called in /data01/virt121463/domeenid/www.turtlecheescake.eu/htdocs/vendor/laravel/framework/src/Illuminate/Mail/MailManager.php on line 186 {"exception":"[object] (TypeError(code: 0): Symfony\\Component\\Mailer\\Transport\\Dsn::__construct(): Argument #5 ($port) must be of type ?int, string given, called in /data01/virt121463/domeenid/www.turtlecheescake.eu/htdocs/vendor/laravel/framework/src/Illuminate/Mail/MailManager.php on line 186 at /data01/virt121463/domeenid/www.turtlecheescake.eu/htdocs/vendor/symfony/mailer/Transport/Dsn.php:28)
[stacktrace]
#0 /data01/virt121463/domeenid/www.turtlecheescake.eu/htdocs/vendor/laravel/framework/src/Illuminate/Mail/MailManager.php(186): Symfony\\Component\\Mailer\\Transport\\Dsn->__construct('smtp', '', '', Object(SensitiveParameterValue), '', Array)
#1 /data01/virt121463/domeenid/www.turtlecheescake.eu/htdocs/vendor/laravel/framework/src/Illuminate/Mail/MailManager.php(165): Illuminate\\Mail\\MailManager->createSmtpTransport(Array)
#2 /data01/virt121463/domeenid/www.turtlecheescake.eu/htdocs/vendor/laravel/framework/src/Illuminate/Mail/MailManager.php(123): Illuminate\\Mail\\MailManager->createSymfonyTransport(Array)
#3 /data01/virt121463/domeenid/www.turtlecheescake.eu/htdocs/vendor/laravel/framework/src/Illuminate/Mail/MailManager.php(98): Illuminate\\Mail\\MailManager->resolve('smtp')
#4 /data01/virt121463/domeenid/www.turtlecheescake.eu/htdocs/vendor/laravel/framework/src/Illuminate/Mail/MailManager.php(76): Illuminate\\Mail\\MailManager->get('smtp')
#5 /data01/virt121463/domeenid/www.turtlecheescake.eu/htdocs/vendor/laravel/framework/src/Illuminate/Notifications/Channels/MailChannel.php(66): Illuminate\\Mail\\MailManager->mailer('smtp')
#6 /data01/virt121463/domeenid/www.turtlecheescake.eu/htdocs/vendor/laravel/framework/src/Illuminate/Notifications/NotificationSender.php(148): Illuminate\\Notifications\\Channels\\MailChannel->send(Object(App\\Models\\User), Object(App\\Notifications\\User\\Everyone\\VerificationApproved))
#7 /data01/virt121463/domeenid/www.turtlecheescake.eu/htdocs/vendor/laravel/framework/src/Illuminate/Notifications/NotificationSender.php(106): Illuminate\\Notifications\\NotificationSender->sendToNotifiable(Object(App\\Models\\User), '615b15a3-9eb8-4...', Object(App\\Notifications\\User\\Everyone\\VerificationApproved), 'mail')
#8 /data01/virt121463/domeenid/www.turtlecheescake.eu/htdocs/vendor/laravel/framework/src/Illuminate/Support/Traits/Localizable.php(29): Illuminate\\Notifications\\NotificationSender->Illuminate\\Notifications\\{closure}()
#9 /data01/virt121463/domeenid/www.turtlecheescake.eu/htdocs/vendor/laravel/framework/src/Illuminate/Notifications/NotificationSender.php(101): Illuminate\\Notifications\\NotificationSender->withLocale('en', Object(Closure))
#10 /data01/virt121463/domeenid/www.turtlecheescake.eu/htdocs/vendor/laravel/framework/src/Illuminate/Notifications/ChannelManager.php(54): Illuminate\\Notifications\\NotificationSender->sendNow(Object(Illuminate\\Database\\Eloquent\\Collection), Object(App\\Notifications\\User\\Everyone\\VerificationApproved), Array)
#11 /data01/virt121463/domeenid/www.turtlecheescake.eu/htdocs/vendor/laravel/framework/src/Illuminate/Notifications/SendQueuedNotifications.php(112): Illuminate\\Notifications\\ChannelManager->sendNow(Object(Illuminate\\Database\\Eloquent\\Collection), Object(App\\Notifications\\User\\Everyone\\VerificationApproved), Array)
#12 /data01/virt121463/domeenid/www.turtlecheescake.eu/htdocs/vendor/laravel/framework/src/Illuminate/Container/BoundMethod.php(36): Illuminate\\Notifications\\SendQueuedNotifications->handle(Object(Illuminate\\Notifications\\ChannelManager))
#13 /data01/virt121463/domeenid/www.turtlecheescake.eu/htdocs/vendor/laravel/framework/src/Illuminate/Container/Util.php(41): Illuminate\\Container\\BoundMethod::Illuminate\\Container\\{closure}()
#14 /data01/virt121463/domeenid/www.turtlecheescake.eu/htdocs/vendor/laravel/framework/src/Illuminate/Container/BoundMethod.php(93): Illuminate\\Container\\Util::unwrapIfClosure(Object(Closure))
#15 /data01/virt121463/domeenid/www.turtlecheescake.eu/htdocs/vendor/laravel/framework/src/Illuminate/Container/BoundMethod.php(35): Illuminate\\Container\\BoundMethod::callBoundMethod(Object(Illuminate\\Foundation\\Application), Array, Object(Closure))
#16 /data01/virt121463/domeenid/www.turtlecheescake.eu/htdocs/vendor/laravel/framework/src/Illuminate/Container/Container.php(662): Illuminate\\Container\\BoundMethod::call(Object(Illuminate\\Foundation\\Application), Array, Array, NULL)
#17 /data01/virt121463/domeenid/www.turtlecheescake.eu/htdocs/vendor/laravel/framework/src/Illuminate/Bus/Dispatcher.php(128): Illuminate\\Container\\Container->call(Array)
#18 /data01/virt121463/domeenid/www.turtlecheescake.eu/htdocs/vendor/laravel/framework/src/Illuminate/Pipeline/Pipeline.php(141): Illuminate\\Bus\\Dispatcher->Illuminate\\Bus\\{closure}(Object(Illuminate\\Notifications\\SendQueuedNotifications))
#19 /data01/virt121463/domeenid/www.turtlecheescake.eu/htdocs/vendor/laravel/framework/src/Illuminate/Pipeline/Pipeline.php(116): Illuminate\\Pipeline\\Pipeline->Illuminate\\Pipeline\\{closure}(Object(Illuminate\\Notifications\\SendQueuedNotifications))
#20 /data01/virt121463/domeenid/www.turtlecheescake.eu/htdocs/vendor/laravel/framework/src/Illuminate/Bus/Dispatcher.php(132): Illuminate\\Pipeline\\Pipeline->then(Object(Closure))
#21 /data01/virt121463/domeenid/www.turtlecheescake.eu/htdocs/vendor/laravel/framework/src/Illuminate/Queue/CallQueuedHandler.php(123): Illuminate\\Bus\\Dispatcher->dispatchNow(Object(Illuminate\\Notifications\\SendQueuedNotifications), false)
#22 /data01/virt121463/domeenid/www.turtlecheescake.eu/htdocs/vendor/laravel/framework/src/Illuminate/Pipeline/Pipeline.php(141): Illuminate\\Queue\\CallQueuedHandler->Illuminate\\Queue\\{closure}(Object(Illuminate\\Notifications\\SendQueuedNotifications))
#23 /data01/virt121463/domeenid/www.turtlecheescake.eu/htdocs/vendor/laravel/framework/src/Illuminate/Pipeline/Pipeline.php(116): Illuminate\\Pipeline\\Pipeline->Illuminate\\Pipeline\\{closure}(Object(Illuminate\\Notifications\\SendQueuedNotifications))
#24 /data01/virt121463/domeenid/www.turtlecheescake.eu/htdocs/vendor/laravel/framework/src/Illuminate/Queue/CallQueuedHandler.php(122): Illuminate\\Pipeline\\Pipeline->then(Object(Closure))
#25 /data01/virt121463/domeenid/www.turtlecheescake.eu/htdocs/vendor/laravel/framework/src/Illuminate/Queue/CallQueuedHandler.php(70): Illuminate\\Queue\\CallQueuedHandler->dispatchThroughMiddleware(Object(Illuminate\\Queue\\Jobs\\DatabaseJob), Object(Illuminate\\Notifications\\SendQueuedNotifications))
#26 /data01/virt121463/domeenid/www.turtlecheescake.eu/htdocs/vendor/laravel/framework/src/Illuminate/Queue/Jobs/Job.php(98): Illuminate\\Queue\\CallQueuedHandler->call(Object(Illuminate\\Queue\\Jobs\\DatabaseJob), Array)
#27 /data01/virt121463/domeenid/www.turtlecheescake.eu/htdocs/vendor/laravel/framework/src/Illuminate/Queue/Worker.php(439): Illuminate\\Queue\\Jobs\\Job->fire()
#28 /data01/virt121463/domeenid/www.turtlecheescake.eu/htdocs/vendor/laravel/framework/src/Illuminate/Queue/Worker.php(389): Illuminate\\Queue\\Worker->process('database', Object(Illuminate\\Queue\\Jobs\\DatabaseJob), Object(Illuminate\\Queue\\WorkerOptions))
#29 /data01/virt121463/domeenid/www.turtlecheescake.eu/htdocs/vendor/laravel/framework/src/Illuminate/Queue/Worker.php(176): Illuminate\\Queue\\Worker->runJob(Object(Illuminate\\Queue\\Jobs\\DatabaseJob), 'database', Object(Illuminate\\Queue\\WorkerOptions))
#30 /data01/virt121463/domeenid/www.turtlecheescake.eu/htdocs/vendor/laravel/framework/src/Illuminate/Queue/Console/WorkCommand.php(137): Illuminate\\Queue\\Worker->daemon('database', 'default', Object(Illuminate\\Queue\\WorkerOptions))
#31 /data01/virt121463/domeenid/www.turtlecheescake.eu/htdocs/vendor/laravel/framework/src/Illuminate/Queue/Console/WorkCommand.php(120): Illuminate\\Queue\\Console\\WorkCommand->runWorker('database', 'default')
#32 /data01/virt121463/domeenid/www.turtlecheescake.eu/htdocs/vendor/laravel/framework/src/Illuminate/Container/BoundMethod.php(36): Illuminate\\Queue\\Console\\WorkCommand->handle()
#33 /data01/virt121463/domeenid/www.turtlecheescake.eu/htdocs/vendor/laravel/framework/src/Illuminate/Container/Util.php(41): Illuminate\\Container\\BoundMethod::Illuminate\\Container\\{closure}()
#34 /data01/virt121463/domeenid/www.turtlecheescake.eu/htdocs/vendor/laravel/framework/src/Illuminate/Container/BoundMethod.php(93): Illuminate\\Container\\Util::unwrapIfClosure(Object(Closure))
#35 /data01/virt121463/domeenid/www.turtlecheescake.eu/htdocs/vendor/laravel/framework/src/Illuminate/Container/BoundMethod.php(35): Illuminate\\Container\\BoundMethod::callBoundMethod(Object(Illuminate\\Foundation\\Application), Array, Object(Closure))
#36 /data01/virt121463/domeenid/www.turtlecheescake.eu/htdocs/vendor/laravel/framework/src/Illuminate/Container/Container.php(662): Illuminate\\Container\\BoundMethod::call(Object(Illuminate\\Foundation\\Application), Array, Array, NULL)
#37 /data01/virt121463/domeenid/www.turtlecheescake.eu/htdocs/vendor/laravel/framework/src/Illuminate/Console/Command.php(208): Illuminate\\Container\\Container->call(Array)
#38 /data01/virt121463/domeenid/www.turtlecheescake.eu/htdocs/vendor/symfony/console/Command/Command.php(326): Illuminate\\Console\\Command->execute(Object(Symfony\\Component\\Console\\Input\\ArrayInput), Object(Illuminate\\Console\\OutputStyle))
#39 /data01/virt121463/domeenid/www.turtlecheescake.eu/htdocs/vendor/laravel/framework/src/Illuminate/Console/Command.php(177): Symfony\\Component\\Console\\Command\\Command->run(Object(Symfony\\Component\\Console\\Input\\ArrayInput), Object(Illuminate\\Console\\OutputStyle))
#40 /data01/virt121463/domeenid/www.turtlecheescake.eu/htdocs/vendor/symfony/console/Application.php(1081): Illuminate\\Console\\Command->run(Object(Symfony\\Component\\Console\\Input\\ArrayInput), Object(Symfony\\Component\\Console\\Output\\BufferedOutput))
#41 /data01/virt121463/domeenid/www.turtlecheescake.eu/htdocs/vendor/symfony/console/Application.php(320): Symfony\\Component\\Console\\Application->doRunCommand(Object(Illuminate\\Queue\\Console\\WorkCommand), Object(Symfony\\Component\\Console\\Input\\ArrayInput), Object(Symfony\\Component\\Console\\Output\\BufferedOutput))
#42 /data01/virt121463/domeenid/www.turtlecheescake.eu/htdocs/vendor/symfony/console/Application.php(174): Symfony\\Component\\Console\\Application->doRun(Object(Symfony\\Component\\Console\\Input\\ArrayInput), Object(Symfony\\Component\\Console\\Output\\BufferedOutput))
#43 /data01/virt121463/domeenid/www.turtlecheescake.eu/htdocs/vendor/laravel/framework/src/Illuminate/Console/Application.php(162): Symfony\\Component\\Console\\Application->run(Object(Symfony\\Component\\Console\\Input\\ArrayInput), Object(Symfony\\Component\\Console\\Output\\BufferedOutput))
#44 /data01/virt121463/domeenid/www.turtlecheescake.eu/htdocs/vendor/laravel/framework/src/Illuminate/Foundation/Console/Kernel.php(400): Illuminate\\Console\\Application->call('queue:work', Array, NULL)
#45 /data01/virt121463/domeenid/www.turtlecheescake.eu/htdocs/vendor/laravel/framework/src/Illuminate/Support/Facades/Facade.php(353): Illuminate\\Foundation\\Console\\Kernel->call('queue:work', Array)
#46 /data01/virt121463/domeenid/www.turtlecheescake.eu/htdocs/routes/web.php(24): Illuminate\\Support\\Facades\\Facade::__callStatic('call', Array)
#47 /data01/virt121463/domeenid/www.turtlecheescake.eu/htdocs/vendor/laravel/framework/src/Illuminate/Routing/CallableDispatcher.php(40): Illuminate\\Routing\\RouteFileRegistrar->{closure}()
#48 /data01/virt121463/domeenid/www.turtlecheescake.eu/htdocs/vendor/laravel/framework/src/Illuminate/Routing/Route.php(237): Illuminate\\Routing\\CallableDispatcher->dispatch(Object(Illuminate\\Routing\\Route), Object(Closure))
#49 /data01/virt121463/domeenid/www.turtlecheescake.eu/htdocs/vendor/laravel/framework/src/Illuminate/Routing/Route.php(208): Illuminate\\Routing\\Route->runCallable()
#50 /data01/virt121463/domeenid/www.turtlecheescake.eu/htdocs/vendor/laravel/framework/src/Illuminate/Routing/Router.php(799): Illuminate\\Routing\\Route->run()
#51 /data01/virt121463/domeenid/www.turtlecheescake.eu/htdocs/vendor/laravel/framework/src/Illuminate/Pipeline/Pipeline.php(141): Illuminate\\Routing\\Router->Illuminate\\Routing\\{closure}(Object(Illuminate\\Http\\Request))
#52 /data01/virt121463/domeenid/www.turtlecheescake.eu/htdocs/vendor/ralphjsmit/livewire-urls/src/Middleware/LivewireUrlsMiddleware.php(32): Illuminate\\Pipeline\\Pipeline->Illuminate\\Pipeline\\{closure}(Object(Illuminate\\Http\\Request))
#53 /data01/virt121463/domeenid/www.turtlecheescake.eu/htdocs/vendor/laravel/framework/src/Illuminate/Pipeline/Pipeline.php(180): RalphJSmit\\Livewire\\Urls\\Middleware\\LivewireUrlsMiddleware->handle(Object(Illuminate\\Http\\Request), Object(Closure))
#54 /data01/virt121463/domeenid/www.turtlecheescake.eu/htdocs/app/Http/Middleware/XFrameHeaders.php(31): Illuminate\\Pipeline\\Pipeline->Illuminate\\Pipeline\\{closure}(Object(Illuminate\\Http\\Request))
#55 /data01/virt121463/domeenid/www.turtlecheescake.eu/htdocs/vendor/laravel/framework/src/Illuminate/Pipeline/Pipeline.php(180): App\\Http\\Middleware\\XFrameHeaders->handle(Object(Illuminate\\Http\\Request), Object(Closure))
#56 /data01/virt121463/domeenid/www.turtlecheescake.eu/htdocs/app/Http/Middleware/UpgradeLevel.php(95): Illuminate\\Pipeline\\Pipeline->Illuminate\\Pipeline\\{closure}(Object(Illuminate\\Http\\Request))
#57 /data01/virt121463/domeenid/www.turtlecheescake.eu/htdocs/vendor/laravel/framework/src/Illuminate/Pipeline/Pipeline.php(180): App\\Http\\Middleware\\UpgradeLevel->handle(Object(Illuminate\\Http\\Request), Object(Closure))
#58 /data01/virt121463/domeenid/www.turtlecheescake.eu/htdocs/app/Http/Middleware/UserLastActivity.php(25): Illuminate\\Pipeline\\Pipeline->Illuminate\\Pipeline\\{closure}(Object(Illuminate\\Http\\Request))
#59 /data01/virt121463/domeenid/www.turtlecheescake.eu/htdocs/vendor/laravel/framework/src/Illuminate/Pipeline/Pipeline.php(180): App\\Http\\Middleware\\UserLastActivity->handle(Object(Illuminate\\Http\\Request), Object(Closure))
#60 /data01/virt121463/domeenid/www.turtlecheescake.eu/htdocs/app/Http/Middleware/SetLocale.php(65): Illuminate\\Pipeline\\Pipeline->Illuminate\\Pipeline\\{closure}(Object(Illuminate\\Http\\Request))
#61 /data01/virt121463/domeenid/www.turtlecheescake.eu/htdocs/vendor/laravel/framework/src/Illuminate/Pipeline/Pipeline.php(180): App\\Http\\Middleware\\SetLocale->handle(Object(Illuminate\\Http\\Request), Object(Closure))
#62 /data01/virt121463/domeenid/www.turtlecheescake.eu/htdocs/vendor/laravel/framework/src/Illuminate/Routing/Middleware/SubstituteBindings.php(50): Illuminate\\Pipeline\\Pipeline->Illuminate\\Pipeline\\{closure}(Object(Illuminate\\Http\\Request))
#63 /data01/virt121463/domeenid/www.turtlecheescake.eu/htdocs/vendor/laravel/framework/src/Illuminate/Pipeline/Pipeline.php(180): Illuminate\\Routing\\Middleware\\SubstituteBindings->handle(Object(Illuminate\\Http\\Request), Object(Closure))
#64 /data01/virt121463/domeenid/www.turtlecheescake.eu/htdocs/vendor/laravel/framework/src/Illuminate/Session/Middleware/AuthenticateSession.php(41): Illuminate\\Pipeline\\Pipeline->Illuminate\\Pipeline\\{closure}(Object(Illuminate\\Http\\Request))
#65 /data01/virt121463/domeenid/www.turtlecheescake.eu/htdocs/vendor/laravel/framework/src/Illuminate/Pipeline/Pipeline.php(180): Illuminate\\Session\\Middleware\\AuthenticateSession->handle(Object(Illuminate\\Http\\Request), Object(Closure))
#66 /data01/virt121463/domeenid/www.turtlecheescake.eu/htdocs/vendor/laravel/framework/src/Illuminate/Foundation/Http/Middleware/VerifyCsrfToken.php(78): Illuminate\\Pipeline\\Pipeline->Illuminate\\Pipeline\\{closure}(Object(Illuminate\\Http\\Request))
#67 /data01/virt121463/domeenid/www.turtlecheescake.eu/htdocs/app/Http/Middleware/VerifyCsrfToken.php(24): Illuminate\\Foundation\\Http\\Middleware\\VerifyCsrfToken->handle(Object(Illuminate\\Http\\Request), Object(Closure))
#68 /data01/virt121463/domeenid/www.turtlecheescake.eu/htdocs/vendor/laravel/framework/src/Illuminate/Pipeline/Pipeline.php(180): App\\Http\\Middleware\\VerifyCsrfToken->handle(Object(Illuminate\\Http\\Request), Object(Closure))
#69 /data01/virt121463/domeenid/www.turtlecheescake.eu/htdocs/vendor/laravel/framework/src/Illuminate/View/Middleware/ShareErrorsFromSession.php(49): Illuminate\\Pipeline\\Pipeline->Illuminate\\Pipeline\\{closure}(Object(Illuminate\\Http\\Request))
#70 /data01/virt121463/domeenid/www.turtlecheescake.eu/htdocs/vendor/laravel/framework/src/Illuminate/Pipeline/Pipeline.php(180): Illuminate\\View\\Middleware\\ShareErrorsFromSession->handle(Object(Illuminate\\Http\\Request), Object(Closure))
#71 /data01/virt121463/domeenid/www.turtlecheescake.eu/htdocs/vendor/laravel/framework/src/Illuminate/Session/Middleware/StartSession.php(121): Illuminate\\Pipeline\\Pipeline->Illuminate\\Pipeline\\{closure}(Object(Illuminate\\Http\\Request))
#72 /data01/virt121463/domeenid/www.turtlecheescake.eu/htdocs/vendor/laravel/framework/src/Illuminate/Session/Middleware/StartSession.php(64): Illuminate\\Session\\Middleware\\StartSession->handleStatefulRequest(Object(Illuminate\\Http\\Request), Object(Illuminate\\Session\\EncryptedStore), Object(Closure))
#73 /data01/virt121463/domeenid/www.turtlecheescake.eu/htdocs/vendor/laravel/framework/src/Illuminate/Pipeline/Pipeline.php(180): Illuminate\\Session\\Middleware\\StartSession->handle(Object(Illuminate\\Http\\Request), Object(Closure))
#74 /data01/virt121463/domeenid/www.turtlecheescake.eu/htdocs/vendor/laravel/framework/src/Illuminate/Cookie/Middleware/AddQueuedCookiesToResponse.php(37): Illuminate\\Pipeline\\Pipeline->Illuminate\\Pipeline\\{closure}(Object(Illuminate\\Http\\Request))
#75 /data01/virt121463/domeenid/www.turtlecheescake.eu/htdocs/vendor/laravel/framework/src/Illuminate/Pipeline/Pipeline.php(180): Illuminate\\Cookie\\Middleware\\AddQueuedCookiesToResponse->handle(Object(Illuminate\\Http\\Request), Object(Closure))
#76 /data01/virt121463/domeenid/www.turtlecheescake.eu/htdocs/vendor/laravel/framework/src/Illuminate/Cookie/Middleware/EncryptCookies.php(67): Illuminate\\Pipeline\\Pipeline->Illuminate\\Pipeline\\{closure}(Object(Illuminate\\Http\\Request))
#77 /data01/virt121463/domeenid/www.turtlecheescake.eu/htdocs/vendor/laravel/framework/src/Illuminate/Pipeline/Pipeline.php(180): Illuminate\\Cookie\\Middleware\\EncryptCookies->handle(Object(Illuminate\\Http\\Request), Object(Closure))
#78 /data01/virt121463/domeenid/www.turtlecheescake.eu/htdocs/vendor/laravel/framework/src/Illuminate/Pipeline/Pipeline.php(116): Illuminate\\Pipeline\\Pipeline->Illuminate\\Pipeline\\{closure}(Object(Illuminate\\Http\\Request))
#79 /data01/virt121463/domeenid/www.turtlecheescake.eu/htdocs/vendor/laravel/framework/src/Illuminate/Routing/Router.php(798): Illuminate\\Pipeline\\Pipeline->then(Object(Closure))
#80 /data01/virt121463/domeenid/www.turtlecheescake.eu/htdocs/vendor/laravel/framework/src/Illuminate/Routing/Router.php(777): Illuminate\\Routing\\Router->runRouteWithinStack(Object(Illuminate\\Routing\\Route), Object(Illuminate\\Http\\Request))
#81 /data01/virt121463/domeenid/www.turtlecheescake.eu/htdocs/vendor/laravel/framework/src/Illuminate/Routing/Router.php(741): Illuminate\\Routing\\Router->runRoute(Object(Illuminate\\Http\\Request), Object(Illuminate\\Routing\\Route))
#82 /data01/virt121463/domeenid/www.turtlecheescake.eu/htdocs/vendor/laravel/framework/src/Illuminate/Routing/Router.php(730): Illuminate\\Routing\\Router->dispatchToRoute(Object(Illuminate\\Http\\Request))
#83 /data01/virt121463/domeenid/www.turtlecheescake.eu/htdocs/vendor/laravel/framework/src/Illuminate/Foundation/Http/Kernel.php(200): Illuminate\\Routing\\Router->dispatch(Object(Illuminate\\Http\\Request))
#84 /data01/virt121463/domeenid/www.turtlecheescake.eu/htdocs/vendor/laravel/framework/src/Illuminate/Pipeline/Pipeline.php(141): Illuminate\\Foundation\\Http\\Kernel->Illuminate\\Foundation\\Http\\{closure}(Object(Illuminate\\Http\\Request))
#85 /data01/virt121463/domeenid/www.turtlecheescake.eu/htdocs/vendor/lukeraymonddowning/honey/src/Http/Middleware/BlockSpammers.php(19): Illuminate\\Pipeline\\Pipeline->Illuminate\\Pipeline\\{closure}(Object(Illuminate\\Http\\Request))
#86 /data01/virt121463/domeenid/www.turtlecheescake.eu/htdocs/vendor/laravel/framework/src/Illuminate/Pipeline/Pipeline.php(180): Lukeraymonddowning\\Honey\\Http\\Middleware\\BlockSpammers->handle(Object(Illuminate\\Http\\Request), Object(Closure))
#87 /data01/virt121463/domeenid/www.turtlecheescake.eu/htdocs/vendor/livewire/livewire/src/DisableBrowserCache.php(19): Illuminate\\Pipeline\\Pipeline->Illuminate\\Pipeline\\{closure}(Object(Illuminate\\Http\\Request))
#88 /data01/virt121463/domeenid/www.turtlecheescake.eu/htdocs/vendor/laravel/framework/src/Illuminate/Pipeline/Pipeline.php(180): Livewire\\DisableBrowserCache->handle(Object(Illuminate\\Http\\Request), Object(Closure))
#89 /data01/virt121463/domeenid/www.turtlecheescake.eu/htdocs/vendor/barryvdh/laravel-debugbar/src/Middleware/InjectDebugbar.php(59): Illuminate\\Pipeline\\Pipeline->Illuminate\\Pipeline\\{closure}(Object(Illuminate\\Http\\Request))
#90 /data01/virt121463/domeenid/www.turtlecheescake.eu/htdocs/vendor/laravel/framework/src/Illuminate/Pipeline/Pipeline.php(180): Barryvdh\\Debugbar\\Middleware\\InjectDebugbar->handle(Object(Illuminate\\Http\\Request), Object(Closure))
#91 /data01/virt121463/domeenid/www.turtlecheescake.eu/htdocs/vendor/laravel/framework/src/Illuminate/Foundation/Http/Middleware/TransformsRequest.php(21): Illuminate\\Pipeline\\Pipeline->Illuminate\\Pipeline\\{closure}(Object(Illuminate\\Http\\Request))
#92 /data01/virt121463/domeenid/www.turtlecheescake.eu/htdocs/vendor/laravel/framework/src/Illuminate/Foundation/Http/Middleware/ConvertEmptyStringsToNull.php(31): Illuminate\\Foundation\\Http\\Middleware\\TransformsRequest->handle(Object(Illuminate\\Http\\Request), Object(Closure))
#93 /data01/virt121463/domeenid/www.turtlecheescake.eu/htdocs/vendor/laravel/framework/src/Illuminate/Pipeline/Pipeline.php(180): Illuminate\\Foundation\\Http\\Middleware\\ConvertEmptyStringsToNull->handle(Object(Illuminate\\Http\\Request), Object(Closure))
#94 /data01/virt121463/domeenid/www.turtlecheescake.eu/htdocs/vendor/laravel/framework/src/Illuminate/Foundation/Http/Middleware/TransformsRequest.php(21): Illuminate\\Pipeline\\Pipeline->Illuminate\\Pipeline\\{closure}(Object(Illuminate\\Http\\Request))
#95 /data01/virt121463/domeenid/www.turtlecheescake.eu/htdocs/vendor/laravel/framework/src/Illuminate/Foundation/Http/Middleware/TrimStrings.php(40): Illuminate\\Foundation\\Http\\Middleware\\TransformsRequest->handle(Object(Illuminate\\Http\\Request), Object(Closure))
#96 /data01/virt121463/domeenid/www.turtlecheescake.eu/htdocs/vendor/laravel/framework/src/Illuminate/Pipeline/Pipeline.php(180): Illuminate\\Foundation\\Http\\Middleware\\TrimStrings->handle(Object(Illuminate\\Http\\Request), Object(Closure))
#97 /data01/virt121463/domeenid/www.turtlecheescake.eu/htdocs/vendor/laravel/framework/src/Illuminate/Foundation/Http/Middleware/ValidatePostSize.php(27): Illuminate\\Pipeline\\Pipeline->Illuminate\\Pipeline\\{closure}(Object(Illuminate\\Http\\Request))
#98 /data01/virt121463/domeenid/www.turtlecheescake.eu/htdocs/vendor/laravel/framework/src/Illuminate/Pipeline/Pipeline.php(180): Illuminate\\Foundation\\Http\\Middleware\\ValidatePostSize->handle(Object(Illuminate\\Http\\Request), Object(Closure))
#99 /data01/virt121463/domeenid/www.turtlecheescake.eu/htdocs/vendor/laravel/framework/src/Illuminate/Foundation/Http/Middleware/PreventRequestsDuringMaintenance.php(86): Illuminate\\Pipeline\\Pipeline->Illuminate\\Pipeline\\{closure}(Object(Illuminate\\Http\\Request))
#100 /data01/virt121463/domeenid/www.turtlecheescake.eu/htdocs/vendor/laravel/framework/src/Illuminate/Pipeline/Pipeline.php(180): Illuminate\\Foundation\\Http\\Middleware\\PreventRequestsDuringMaintenance->handle(Object(Illuminate\\Http\\Request), Object(Closure))
#101 /data01/virt121463/domeenid/www.turtlecheescake.eu/htdocs/vendor/laravel/framework/src/Illuminate/Http/Middleware/HandleCors.php(49): Illuminate\\Pipeline\\Pipeline->Illuminate\\Pipeline\\{closure}(Object(Illuminate\\Http\\Request))
#102 /data01/virt121463/domeenid/www.turtlecheescake.eu/htdocs/vendor/laravel/framework/src/Illuminate/Pipeline/Pipeline.php(180): Illuminate\\Http\\Middleware\\HandleCors->handle(Object(Illuminate\\Http\\Request), Object(Closure))
#103 /data01/virt121463/domeenid/www.turtlecheescake.eu/htdocs/vendor/laravel/framework/src/Illuminate/Http/Middleware/TrustProxies.php(39): Illuminate\\Pipeline\\Pipeline->Illuminate\\Pipeline\\{closure}(Object(Illuminate\\Http\\Request))
#104 /data01/virt121463/domeenid/www.turtlecheescake.eu/htdocs/vendor/laravel/framework/src/Illuminate/Pipeline/Pipeline.php(180): Illuminate\\Http\\Middleware\\TrustProxies->handle(Object(Illuminate\\Http\\Request), Object(Closure))
#105 /data01/virt121463/domeenid/www.turtlecheescake.eu/htdocs/vendor/laravel/framework/src/Illuminate/Pipeline/Pipeline.php(116): Illuminate\\Pipeline\\Pipeline->Illuminate\\Pipeline\\{closure}(Object(Illuminate\\Http\\Request))
#106 /data01/virt121463/domeenid/www.turtlecheescake.eu/htdocs/vendor/laravel/framework/src/Illuminate/Foundation/Http/Kernel.php(175): Illuminate\\Pipeline\\Pipeline->then(Object(Closure))
#107 /data01/virt121463/domeenid/www.turtlecheescake.eu/htdocs/vendor/laravel/framework/src/Illuminate/Foundation/Http/Kernel.php(144): Illuminate\\Foundation\\Http\\Kernel->sendRequestThroughRouter(Object(Illuminate\\Http\\Request))
#108 /data01/virt121463/domeenid/www.turtlecheescake.eu/htdocs/index.php(52): Illuminate\\Foundation\\Http\\Kernel->handle(Object(Illuminate\\Http\\Request))
#109 {main}
"} 
[2023-07-18 10:55:03] production.ERROR: Symfony\Component\Mailer\Transport\Dsn::__construct(): Argument #5 ($port) must be of type ?int, string given, called in /data01/virt121463/domeenid/www.turtlecheescake.eu/htdocs/vendor/laravel/framework/src/Illuminate/Mail/MailManager.php on line 186 {"exception":"[object] (TypeError(code: 0): Symfony\\Component\\Mailer\\Transport\\Dsn::__construct(): Argument #5 ($port) must be of type ?int, string given, called in /data01/virt121463/domeenid/www.turtlecheescake.eu/htdocs/vendor/laravel/framework/src/Illuminate/Mail/MailManager.php on line 186 at /data01/virt121463/domeenid/www.turtlecheescake.eu/htdocs/vendor/symfony/mailer/Transport/Dsn.php:28)
[stacktrace]
#0 /data01/virt121463/domeenid/www.turtlecheescake.eu/htdocs/vendor/laravel/framework/src/Illuminate/Mail/MailManager.php(186): Symfony\\Component\\Mailer\\Transport\\Dsn->__construct('smtp', '', '', Object(SensitiveParameterValue), '', Array)
#1 /data01/virt121463/domeenid/www.turtlecheescake.eu/htdocs/vendor/laravel/framework/src/Illuminate/Mail/MailManager.php(165): Illuminate\\Mail\\MailManager->createSmtpTransport(Array)
#2 /data01/virt121463/domeenid/www.turtlecheescake.eu/htdocs/vendor/laravel/framework/src/Illuminate/Mail/MailManager.php(123): Illuminate\\Mail\\MailManager->createSymfonyTransport(Array)
#3 /data01/virt121463/domeenid/www.turtlecheescake.eu/htdocs/vendor/laravel/framework/src/Illuminate/Mail/MailManager.php(98): Illuminate\\Mail\\MailManager->resolve('smtp')
#4 /data01/virt121463/domeenid/www.turtlecheescake.eu/htdocs/vendor/laravel/framework/src/Illuminate/Mail/MailManager.php(76): Illuminate\\Mail\\MailManager->get('smtp')
#5 /data01/virt121463/domeenid/www.turtlecheescake.eu/htdocs/vendor/laravel/framework/src/Illuminate/Notifications/Channels/MailChannel.php(66): Illuminate\\Mail\\MailManager->mailer('smtp')
#6 /data01/virt121463/domeenid/www.turtlecheescake.eu/htdocs/vendor/laravel/framework/src/Illuminate/Notifications/NotificationSender.php(148): Illuminate\\Notifications\\Channels\\MailChannel->send(Object(App\\Models\\User), Object(App\\Notifications\\User\\Seller\\YouBecameSeller))
#7 /data01/virt121463/domeenid/www.turtlecheescake.eu/htdocs/vendor/laravel/framework/src/Illuminate/Notifications/NotificationSender.php(106): Illuminate\\Notifications\\NotificationSender->sendToNotifiable(Object(App\\Models\\User), '08d47e27-f0c3-4...', Object(App\\Notifications\\User\\Seller\\YouBecameSeller), 'mail')
#8 /data01/virt121463/domeenid/www.turtlecheescake.eu/htdocs/vendor/laravel/framework/src/Illuminate/Support/Traits/Localizable.php(29): Illuminate\\Notifications\\NotificationSender->Illuminate\\Notifications\\{closure}()
#9 /data01/virt121463/domeenid/www.turtlecheescake.eu/htdocs/vendor/laravel/framework/src/Illuminate/Notifications/NotificationSender.php(101): Illuminate\\Notifications\\NotificationSender->withLocale('en', Object(Closure))
#10 /data01/virt121463/domeenid/www.turtlecheescake.eu/htdocs/vendor/laravel/framework/src/Illuminate/Notifications/ChannelManager.php(54): Illuminate\\Notifications\\NotificationSender->sendNow(Object(Illuminate\\Database\\Eloquent\\Collection), Object(App\\Notifications\\User\\Seller\\YouBecameSeller), Array)
#11 /data01/virt121463/domeenid/www.turtlecheescake.eu/htdocs/vendor/laravel/framework/src/Illuminate/Notifications/SendQueuedNotifications.php(112): Illuminate\\Notifications\\ChannelManager->sendNow(Object(Illuminate\\Database\\Eloquent\\Collection), Object(App\\Notifications\\User\\Seller\\YouBecameSeller), Array)
#12 /data01/virt121463/domeenid/www.turtlecheescake.eu/htdocs/vendor/laravel/framework/src/Illuminate/Container/BoundMethod.php(36): Illuminate\\Notifications\\SendQueuedNotifications->handle(Object(Illuminate\\Notifications\\ChannelManager))
#13 /data01/virt121463/domeenid/www.turtlecheescake.eu/htdocs/vendor/laravel/framework/src/Illuminate/Container/Util.php(41): Illuminate\\Container\\BoundMethod::Illuminate\\Container\\{closure}()
#14 /data01/virt121463/domeenid/www.turtlecheescake.eu/htdocs/vendor/laravel/framework/src/Illuminate/Container/BoundMethod.php(93): Illuminate\\Container\\Util::unwrapIfClosure(Object(Closure))
#15 /data01/virt121463/domeenid/www.turtlecheescake.eu/htdocs/vendor/laravel/framework/src/Illuminate/Container/BoundMethod.php(35): Illuminate\\Container\\BoundMethod::callBoundMethod(Object(Illuminate\\Foundation\\Application), Array, Object(Closure))
#16 /data01/virt121463/domeenid/www.turtlecheescake.eu/htdocs/vendor/laravel/framework/src/Illuminate/Container/Container.php(662): Illuminate\\Container\\BoundMethod::call(Object(Illuminate\\Foundation\\Application), Array, Array, NULL)
#17 /data01/virt121463/domeenid/www.turtlecheescake.eu/htdocs/vendor/laravel/framework/src/Illuminate/Bus/Dispatcher.php(128): Illuminate\\Container\\Container->call(Array)
#18 /data01/virt121463/domeenid/www.turtlecheescake.eu/htdocs/vendor/laravel/framework/src/Illuminate/Pipeline/Pipeline.php(141): Illuminate\\Bus\\Dispatcher->Illuminate\\Bus\\{closure}(Object(Illuminate\\Notifications\\SendQueuedNotifications))
#19 /data01/virt121463/domeenid/www.turtlecheescake.eu/htdocs/vendor/laravel/framework/src/Illuminate/Pipeline/Pipeline.php(116): Illuminate\\Pipeline\\Pipeline->Illuminate\\Pipeline\\{closure}(Object(Illuminate\\Notifications\\SendQueuedNotifications))
#20 /data01/virt121463/domeenid/www.turtlecheescake.eu/htdocs/vendor/laravel/framework/src/Illuminate/Bus/Dispatcher.php(132): Illuminate\\Pipeline\\Pipeline->then(Object(Closure))
#21 /data01/virt121463/domeenid/www.turtlecheescake.eu/htdocs/vendor/laravel/framework/src/Illuminate/Queue/CallQueuedHandler.php(123): Illuminate\\Bus\\Dispatcher->dispatchNow(Object(Illuminate\\Notifications\\SendQueuedNotifications), false)
#22 /data01/virt121463/domeenid/www.turtlecheescake.eu/htdocs/vendor/laravel/framework/src/Illuminate/Pipeline/Pipeline.php(141): Illuminate\\Queue\\CallQueuedHandler->Illuminate\\Queue\\{closure}(Object(Illuminate\\Notifications\\SendQueuedNotifications))
#23 /data01/virt121463/domeenid/www.turtlecheescake.eu/htdocs/vendor/laravel/framework/src/Illuminate/Pipeline/Pipeline.php(116): Illuminate\\Pipeline\\Pipeline->Illuminate\\Pipeline\\{closure}(Object(Illuminate\\Notifications\\SendQueuedNotifications))
#24 /data01/virt121463/domeenid/www.turtlecheescake.eu/htdocs/vendor/laravel/framework/src/Illuminate/Queue/CallQueuedHandler.php(122): Illuminate\\Pipeline\\Pipeline->then(Object(Closure))
#25 /data01/virt121463/domeenid/www.turtlecheescake.eu/htdocs/vendor/laravel/framework/src/Illuminate/Queue/CallQueuedHandler.php(70): Illuminate\\Queue\\CallQueuedHandler->dispatchThroughMiddleware(Object(Illuminate\\Queue\\Jobs\\DatabaseJob), Object(Illuminate\\Notifications\\SendQueuedNotifications))
#26 /data01/virt121463/domeenid/www.turtlecheescake.eu/htdocs/vendor/laravel/framework/src/Illuminate/Queue/Jobs/Job.php(98): Illuminate\\Queue\\CallQueuedHandler->call(Object(Illuminate\\Queue\\Jobs\\DatabaseJob), Array)
#27 /data01/virt121463/domeenid/www.turtlecheescake.eu/htdocs/vendor/laravel/framework/src/Illuminate/Queue/Worker.php(439): Illuminate\\Queue\\Jobs\\Job->fire()
#28 /data01/virt121463/domeenid/www.turtlecheescake.eu/htdocs/vendor/laravel/framework/src/Illuminate/Queue/Worker.php(389): Illuminate\\Queue\\Worker->process('database', Object(Illuminate\\Queue\\Jobs\\DatabaseJob), Object(Illuminate\\Queue\\WorkerOptions))
#29 /data01/virt121463/domeenid/www.turtlecheescake.eu/htdocs/vendor/laravel/framework/src/Illuminate/Queue/Worker.php(176): Illuminate\\Queue\\Worker->runJob(Object(Illuminate\\Queue\\Jobs\\DatabaseJob), 'database', Object(Illuminate\\Queue\\WorkerOptions))
#30 /data01/virt121463/domeenid/www.turtlecheescake.eu/htdocs/vendor/laravel/framework/src/Illuminate/Queue/Console/WorkCommand.php(137): Illuminate\\Queue\\Worker->daemon('database', 'default', Object(Illuminate\\Queue\\WorkerOptions))
#31 /data01/virt121463/domeenid/www.turtlecheescake.eu/htdocs/vendor/laravel/framework/src/Illuminate/Queue/Console/WorkCommand.php(120): Illuminate\\Queue\\Console\\WorkCommand->runWorker('database', 'default')
#32 /data01/virt121463/domeenid/www.turtlecheescake.eu/htdocs/vendor/laravel/framework/src/Illuminate/Container/BoundMethod.php(36): Illuminate\\Queue\\Console\\WorkCommand->handle()
#33 /data01/virt121463/domeenid/www.turtlecheescake.eu/htdocs/vendor/laravel/framework/src/Illuminate/Container/Util.php(41): Illuminate\\Container\\BoundMethod::Illuminate\\Container\\{closure}()
#34 /data01/virt121463/domeenid/www.turtlecheescake.eu/htdocs/vendor/laravel/framework/src/Illuminate/Container/BoundMethod.php(93): Illuminate\\Container\\Util::unwrapIfClosure(Object(Closure))
#35 /data01/virt121463/domeenid/www.turtlecheescake.eu/htdocs/vendor/laravel/framework/src/Illuminate/Container/BoundMethod.php(35): Illuminate\\Container\\BoundMethod::callBoundMethod(Object(Illuminate\\Foundation\\Application), Array, Object(Closure))
#36 /data01/virt121463/domeenid/www.turtlecheescake.eu/htdocs/vendor/laravel/framework/src/Illuminate/Container/Container.php(662): Illuminate\\Container\\BoundMethod::call(Object(Illuminate\\Foundation\\Application), Array, Array, NULL)
#37 /data01/virt121463/domeenid/www.turtlecheescake.eu/htdocs/vendor/laravel/framework/src/Illuminate/Console/Command.php(208): Illuminate\\Container\\Container->call(Array)
#38 /data01/virt121463/domeenid/www.turtlecheescake.eu/htdocs/vendor/symfony/console/Command/Command.php(326): Illuminate\\Console\\Command->execute(Object(Symfony\\Component\\Console\\Input\\ArrayInput), Object(Illuminate\\Console\\OutputStyle))
#39 /data01/virt121463/domeenid/www.turtlecheescake.eu/htdocs/vendor/laravel/framework/src/Illuminate/Console/Command.php(177): Symfony\\Component\\Console\\Command\\Command->run(Object(Symfony\\Component\\Console\\Input\\ArrayInput), Object(Illuminate\\Console\\OutputStyle))
#40 /data01/virt121463/domeenid/www.turtlecheescake.eu/htdocs/vendor/symfony/console/Application.php(1081): Illuminate\\Console\\Command->run(Object(Symfony\\Component\\Console\\Input\\ArrayInput), Object(Symfony\\Component\\Console\\Output\\BufferedOutput))
#41 /data01/virt121463/domeenid/www.turtlecheescake.eu/htdocs/vendor/symfony/console/Application.php(320): Symfony\\Component\\Console\\Application->doRunCommand(Object(Illuminate\\Queue\\Console\\WorkCommand), Object(Symfony\\Component\\Console\\Input\\ArrayInput), Object(Symfony\\Component\\Console\\Output\\BufferedOutput))
#42 /data01/virt121463/domeenid/www.turtlecheescake.eu/htdocs/vendor/symfony/console/Application.php(174): Symfony\\Component\\Console\\Application->doRun(Object(Symfony\\Component\\Console\\Input\\ArrayInput), Object(Symfony\\Component\\Console\\Output\\BufferedOutput))
#43 /data01/virt121463/domeenid/www.turtlecheescake.eu/htdocs/vendor/laravel/framework/src/Illuminate/Console/Application.php(162): Symfony\\Component\\Console\\Application->run(Object(Symfony\\Component\\Console\\Input\\ArrayInput), Object(Symfony\\Component\\Console\\Output\\BufferedOutput))
#44 /data01/virt121463/domeenid/www.turtlecheescake.eu/htdocs/vendor/laravel/framework/src/Illuminate/Foundation/Console/Kernel.php(400): Illuminate\\Console\\Application->call('queue:work', Array, NULL)
#45 /data01/virt121463/domeenid/www.turtlecheescake.eu/htdocs/vendor/laravel/framework/src/Illuminate/Support/Facades/Facade.php(353): Illuminate\\Foundation\\Console\\Kernel->call('queue:work', Array)
#46 /data01/virt121463/domeenid/www.turtlecheescake.eu/htdocs/routes/web.php(24): Illuminate\\Support\\Facades\\Facade::__callStatic('call', Array)
#47 /data01/virt121463/domeenid/www.turtlecheescake.eu/htdocs/vendor/laravel/framework/src/Illuminate/Routing/CallableDispatcher.php(40): Illuminate\\Routing\\RouteFileRegistrar->{closure}()
#48 /data01/virt121463/domeenid/www.turtlecheescake.eu/htdocs/vendor/laravel/framework/src/Illuminate/Routing/Route.php(237): Illuminate\\Routing\\CallableDispatcher->dispatch(Object(Illuminate\\Routing\\Route), Object(Closure))
#49 /data01/virt121463/domeenid/www.turtlecheescake.eu/htdocs/vendor/laravel/framework/src/Illuminate/Routing/Route.php(208): Illuminate\\Routing\\Route->runCallable()
#50 /data01/virt121463/domeenid/www.turtlecheescake.eu/htdocs/vendor/laravel/framework/src/Illuminate/Routing/Router.php(799): Illuminate\\Routing\\Route->run()
#51 /data01/virt121463/domeenid/www.turtlecheescake.eu/htdocs/vendor/laravel/framework/src/Illuminate/Pipeline/Pipeline.php(141): Illuminate\\Routing\\Router->Illuminate\\Routing\\{closure}(Object(Illuminate\\Http\\Request))
#52 /data01/virt121463/domeenid/www.turtlecheescake.eu/htdocs/vendor/ralphjsmit/livewire-urls/src/Middleware/LivewireUrlsMiddleware.php(32): Illuminate\\Pipeline\\Pipeline->Illuminate\\Pipeline\\{closure}(Object(Illuminate\\Http\\Request))
#53 /data01/virt121463/domeenid/www.turtlecheescake.eu/htdocs/vendor/laravel/framework/src/Illuminate/Pipeline/Pipeline.php(180): RalphJSmit\\Livewire\\Urls\\Middleware\\LivewireUrlsMiddleware->handle(Object(Illuminate\\Http\\Request), Object(Closure))
#54 /data01/virt121463/domeenid/www.turtlecheescake.eu/htdocs/app/Http/Middleware/XFrameHeaders.php(31): Illuminate\\Pipeline\\Pipeline->Illuminate\\Pipeline\\{closure}(Object(Illuminate\\Http\\Request))
#55 /data01/virt121463/domeenid/www.turtlecheescake.eu/htdocs/vendor/laravel/framework/src/Illuminate/Pipeline/Pipeline.php(180): App\\Http\\Middleware\\XFrameHeaders->handle(Object(Illuminate\\Http\\Request), Object(Closure))
#56 /data01/virt121463/domeenid/www.turtlecheescake.eu/htdocs/app/Http/Middleware/UpgradeLevel.php(95): Illuminate\\Pipeline\\Pipeline->Illuminate\\Pipeline\\{closure}(Object(Illuminate\\Http\\Request))
#57 /data01/virt121463/domeenid/www.turtlecheescake.eu/htdocs/vendor/laravel/framework/src/Illuminate/Pipeline/Pipeline.php(180): App\\Http\\Middleware\\UpgradeLevel->handle(Object(Illuminate\\Http\\Request), Object(Closure))
#58 /data01/virt121463/domeenid/www.turtlecheescake.eu/htdocs/app/Http/Middleware/UserLastActivity.php(25): Illuminate\\Pipeline\\Pipeline->Illuminate\\Pipeline\\{closure}(Object(Illuminate\\Http\\Request))
#59 /data01/virt121463/domeenid/www.turtlecheescake.eu/htdocs/vendor/laravel/framework/src/Illuminate/Pipeline/Pipeline.php(180): App\\Http\\Middleware\\UserLastActivity->handle(Object(Illuminate\\Http\\Request), Object(Closure))
#60 /data01/virt121463/domeenid/www.turtlecheescake.eu/htdocs/app/Http/Middleware/SetLocale.php(65): Illuminate\\Pipeline\\Pipeline->Illuminate\\Pipeline\\{closure}(Object(Illuminate\\Http\\Request))
#61 /data01/virt121463/domeenid/www.turtlecheescake.eu/htdocs/vendor/laravel/framework/src/Illuminate/Pipeline/Pipeline.php(180): App\\Http\\Middleware\\SetLocale->handle(Object(Illuminate\\Http\\Request), Object(Closure))
#62 /data01/virt121463/domeenid/www.turtlecheescake.eu/htdocs/vendor/laravel/framework/src/Illuminate/Routing/Middleware/SubstituteBindings.php(50): Illuminate\\Pipeline\\Pipeline->Illuminate\\Pipeline\\{closure}(Object(Illuminate\\Http\\Request))
#63 /data01/virt121463/domeenid/www.turtlecheescake.eu/htdocs/vendor/laravel/framework/src/Illuminate/Pipeline/Pipeline.php(180): Illuminate\\Routing\\Middleware\\SubstituteBindings->handle(Object(Illuminate\\Http\\Request), Object(Closure))
#64 /data01/virt121463/domeenid/www.turtlecheescake.eu/htdocs/vendor/laravel/framework/src/Illuminate/Session/Middleware/AuthenticateSession.php(41): Illuminate\\Pipeline\\Pipeline->Illuminate\\Pipeline\\{closure}(Object(Illuminate\\Http\\Request))
#65 /data01/virt121463/domeenid/www.turtlecheescake.eu/htdocs/vendor/laravel/framework/src/Illuminate/Pipeline/Pipeline.php(180): Illuminate\\Session\\Middleware\\AuthenticateSession->handle(Object(Illuminate\\Http\\Request), Object(Closure))
#66 /data01/virt121463/domeenid/www.turtlecheescake.eu/htdocs/vendor/laravel/framework/src/Illuminate/Foundation/Http/Middleware/VerifyCsrfToken.php(78): Illuminate\\Pipeline\\Pipeline->Illuminate\\Pipeline\\{closure}(Object(Illuminate\\Http\\Request))
#67 /data01/virt121463/domeenid/www.turtlecheescake.eu/htdocs/app/Http/Middleware/VerifyCsrfToken.php(24): Illuminate\\Foundation\\Http\\Middleware\\VerifyCsrfToken->handle(Object(Illuminate\\Http\\Request), Object(Closure))
#68 /data01/virt121463/domeenid/www.turtlecheescake.eu/htdocs/vendor/laravel/framework/src/Illuminate/Pipeline/Pipeline.php(180): App\\Http\\Middleware\\VerifyCsrfToken->handle(Object(Illuminate\\Http\\Request), Object(Closure))
#69 /data01/virt121463/domeenid/www.turtlecheescake.eu/htdocs/vendor/laravel/framework/src/Illuminate/View/Middleware/ShareErrorsFromSession.php(49): Illuminate\\Pipeline\\Pipeline->Illuminate\\Pipeline\\{closure}(Object(Illuminate\\Http\\Request))
#70 /data01/virt121463/domeenid/www.turtlecheescake.eu/htdocs/vendor/laravel/framework/src/Illuminate/Pipeline/Pipeline.php(180): Illuminate\\View\\Middleware\\ShareErrorsFromSession->handle(Object(Illuminate\\Http\\Request), Object(Closure))
#71 /data01/virt121463/domeenid/www.turtlecheescake.eu/htdocs/vendor/laravel/framework/src/Illuminate/Session/Middleware/StartSession.php(121): Illuminate\\Pipeline\\Pipeline->Illuminate\\Pipeline\\{closure}(Object(Illuminate\\Http\\Request))
#72 /data01/virt121463/domeenid/www.turtlecheescake.eu/htdocs/vendor/laravel/framework/src/Illuminate/Session/Middleware/StartSession.php(64): Illuminate\\Session\\Middleware\\StartSession->handleStatefulRequest(Object(Illuminate\\Http\\Request), Object(Illuminate\\Session\\EncryptedStore), Object(Closure))
#73 /data01/virt121463/domeenid/www.turtlecheescake.eu/htdocs/vendor/laravel/framework/src/Illuminate/Pipeline/Pipeline.php(180): Illuminate\\Session\\Middleware\\StartSession->handle(Object(Illuminate\\Http\\Request), Object(Closure))
#74 /data01/virt121463/domeenid/www.turtlecheescake.eu/htdocs/vendor/laravel/framework/src/Illuminate/Cookie/Middleware/AddQueuedCookiesToResponse.php(37): Illuminate\\Pipeline\\Pipeline->Illuminate\\Pipeline\\{closure}(Object(Illuminate\\Http\\Request))
#75 /data01/virt121463/domeenid/www.turtlecheescake.eu/htdocs/vendor/laravel/framework/src/Illuminate/Pipeline/Pipeline.php(180): Illuminate\\Cookie\\Middleware\\AddQueuedCookiesToResponse->handle(Object(Illuminate\\Http\\Request), Object(Closure))
#76 /data01/virt121463/domeenid/www.turtlecheescake.eu/htdocs/vendor/laravel/framework/src/Illuminate/Cookie/Middleware/EncryptCookies.php(67): Illuminate\\Pipeline\\Pipeline->Illuminate\\Pipeline\\{closure}(Object(Illuminate\\Http\\Request))
#77 /data01/virt121463/domeenid/www.turtlecheescake.eu/htdocs/vendor/laravel/framework/src/Illuminate/Pipeline/Pipeline.php(180): Illuminate\\Cookie\\Middleware\\EncryptCookies->handle(Object(Illuminate\\Http\\Request), Object(Closure))
#78 /data01/virt121463/domeenid/www.turtlecheescake.eu/htdocs/vendor/laravel/framework/src/Illuminate/Pipeline/Pipeline.php(116): Illuminate\\Pipeline\\Pipeline->Illuminate\\Pipeline\\{closure}(Object(Illuminate\\Http\\Request))
#79 /data01/virt121463/domeenid/www.turtlecheescake.eu/htdocs/vendor/laravel/framework/src/Illuminate/Routing/Router.php(798): Illuminate\\Pipeline\\Pipeline->then(Object(Closure))
#80 /data01/virt121463/domeenid/www.turtlecheescake.eu/htdocs/vendor/laravel/framework/src/Illuminate/Routing/Router.php(777): Illuminate\\Routing\\Router->runRouteWithinStack(Object(Illuminate\\Routing\\Route), Object(Illuminate\\Http\\Request))
#81 /data01/virt121463/domeenid/www.turtlecheescake.eu/htdocs/vendor/laravel/framework/src/Illuminate/Routing/Router.php(741): Illuminate\\Routing\\Router->runRoute(Object(Illuminate\\Http\\Request), Object(Illuminate\\Routing\\Route))
#82 /data01/virt121463/domeenid/www.turtlecheescake.eu/htdocs/vendor/laravel/framework/src/Illuminate/Routing/Router.php(730): Illuminate\\Routing\\Router->dispatchToRoute(Object(Illuminate\\Http\\Request))
#83 /data01/virt121463/domeenid/www.turtlecheescake.eu/htdocs/vendor/laravel/framework/src/Illuminate/Foundation/Http/Kernel.php(200): Illuminate\\Routing\\Router->dispatch(Object(Illuminate\\Http\\Request))
#84 /data01/virt121463/domeenid/www.turtlecheescake.eu/htdocs/vendor/laravel/framework/src/Illuminate/Pipeline/Pipeline.php(141): Illuminate\\Foundation\\Http\\Kernel->Illuminate\\Foundation\\Http\\{closure}(Object(Illuminate\\Http\\Request))
#85 /data01/virt121463/domeenid/www.turtlecheescake.eu/htdocs/vendor/lukeraymonddowning/honey/src/Http/Middleware/BlockSpammers.php(19): Illuminate\\Pipeline\\Pipeline->Illuminate\\Pipeline\\{closure}(Object(Illuminate\\Http\\Request))
#86 /data01/virt121463/domeenid/www.turtlecheescake.eu/htdocs/vendor/laravel/framework/src/Illuminate/Pipeline/Pipeline.php(180): Lukeraymonddowning\\Honey\\Http\\Middleware\\BlockSpammers->handle(Object(Illuminate\\Http\\Request), Object(Closure))
#87 /data01/virt121463/domeenid/www.turtlecheescake.eu/htdocs/vendor/livewire/livewire/src/DisableBrowserCache.php(19): Illuminate\\Pipeline\\Pipeline->Illuminate\\Pipeline\\{closure}(Object(Illuminate\\Http\\Request))
#88 /data01/virt121463/domeenid/www.turtlecheescake.eu/htdocs/vendor/laravel/framework/src/Illuminate/Pipeline/Pipeline.php(180): Livewire\\DisableBrowserCache->handle(Object(Illuminate\\Http\\Request), Object(Closure))
#89 /data01/virt121463/domeenid/www.turtlecheescake.eu/htdocs/vendor/barryvdh/laravel-debugbar/src/Middleware/InjectDebugbar.php(59): Illuminate\\Pipeline\\Pipeline->Illuminate\\Pipeline\\{closure}(Object(Illuminate\\Http\\Request))
#90 /data01/virt121463/domeenid/www.turtlecheescake.eu/htdocs/vendor/laravel/framework/src/Illuminate/Pipeline/Pipeline.php(180): Barryvdh\\Debugbar\\Middleware\\InjectDebugbar->handle(Object(Illuminate\\Http\\Request), Object(Closure))
#91 /data01/virt121463/domeenid/www.turtlecheescake.eu/htdocs/vendor/laravel/framework/src/Illuminate/Foundation/Http/Middleware/TransformsRequest.php(21): Illuminate\\Pipeline\\Pipeline->Illuminate\\Pipeline\\{closure}(Object(Illuminate\\Http\\Request))
#92 /data01/virt121463/domeenid/www.turtlecheescake.eu/htdocs/vendor/laravel/framework/src/Illuminate/Foundation/Http/Middleware/ConvertEmptyStringsToNull.php(31): Illuminate\\Foundation\\Http\\Middleware\\TransformsRequest->handle(Object(Illuminate\\Http\\Request), Object(Closure))
#93 /data01/virt121463/domeenid/www.turtlecheescake.eu/htdocs/vendor/laravel/framework/src/Illuminate/Pipeline/Pipeline.php(180): Illuminate\\Foundation\\Http\\Middleware\\ConvertEmptyStringsToNull->handle(Object(Illuminate\\Http\\Request), Object(Closure))
#94 /data01/virt121463/domeenid/www.turtlecheescake.eu/htdocs/vendor/laravel/framework/src/Illuminate/Foundation/Http/Middleware/TransformsRequest.php(21): Illuminate\\Pipeline\\Pipeline->Illuminate\\Pipeline\\{closure}(Object(Illuminate\\Http\\Request))
#95 /data01/virt121463/domeenid/www.turtlecheescake.eu/htdocs/vendor/laravel/framework/src/Illuminate/Foundation/Http/Middleware/TrimStrings.php(40): Illuminate\\Foundation\\Http\\Middleware\\TransformsRequest->handle(Object(Illuminate\\Http\\Request), Object(Closure))
#96 /data01/virt121463/domeenid/www.turtlecheescake.eu/htdocs/vendor/laravel/framework/src/Illuminate/Pipeline/Pipeline.php(180): Illuminate\\Foundation\\Http\\Middleware\\TrimStrings->handle(Object(Illuminate\\Http\\Request), Object(Closure))
#97 /data01/virt121463/domeenid/www.turtlecheescake.eu/htdocs/vendor/laravel/framework/src/Illuminate/Foundation/Http/Middleware/ValidatePostSize.php(27): Illuminate\\Pipeline\\Pipeline->Illuminate\\Pipeline\\{closure}(Object(Illuminate\\Http\\Request))
#98 /data01/virt121463/domeenid/www.turtlecheescake.eu/htdocs/vendor/laravel/framework/src/Illuminate/Pipeline/Pipeline.php(180): Illuminate\\Foundation\\Http\\Middleware\\ValidatePostSize->handle(Object(Illuminate\\Http\\Request), Object(Closure))
#99 /data01/virt121463/domeenid/www.turtlecheescake.eu/htdocs/vendor/laravel/framework/src/Illuminate/Foundation/Http/Middleware/PreventRequestsDuringMaintenance.php(86): Illuminate\\Pipeline\\Pipeline->Illuminate\\Pipeline\\{closure}(Object(Illuminate\\Http\\Request))
#100 /data01/virt121463/domeenid/www.turtlecheescake.eu/htdocs/vendor/laravel/framework/src/Illuminate/Pipeline/Pipeline.php(180): Illuminate\\Foundation\\Http\\Middleware\\PreventRequestsDuringMaintenance->handle(Object(Illuminate\\Http\\Request), Object(Closure))
#101 /data01/virt121463/domeenid/www.turtlecheescake.eu/htdocs/vendor/laravel/framework/src/Illuminate/Http/Middleware/HandleCors.php(49): Illuminate\\Pipeline\\Pipeline->Illuminate\\Pipeline\\{closure}(Object(Illuminate\\Http\\Request))
#102 /data01/virt121463/domeenid/www.turtlecheescake.eu/htdocs/vendor/laravel/framework/src/Illuminate/Pipeline/Pipeline.php(180): Illuminate\\Http\\Middleware\\HandleCors->handle(Object(Illuminate\\Http\\Request), Object(Closure))
#103 /data01/virt121463/domeenid/www.turtlecheescake.eu/htdocs/vendor/laravel/framework/src/Illuminate/Http/Middleware/TrustProxies.php(39): Illuminate\\Pipeline\\Pipeline->Illuminate\\Pipeline\\{closure}(Object(Illuminate\\Http\\Request))
#104 /data01/virt121463/domeenid/www.turtlecheescake.eu/htdocs/vendor/laravel/framework/src/Illuminate/Pipeline/Pipeline.php(180): Illuminate\\Http\\Middleware\\TrustProxies->handle(Object(Illuminate\\Http\\Request), Object(Closure))
#105 /data01/virt121463/domeenid/www.turtlecheescake.eu/htdocs/vendor/laravel/framework/src/Illuminate/Pipeline/Pipeline.php(116): Illuminate\\Pipeline\\Pipeline->Illuminate\\Pipeline\\{closure}(Object(Illuminate\\Http\\Request))
#106 /data01/virt121463/domeenid/www.turtlecheescake.eu/htdocs/vendor/laravel/framework/src/Illuminate/Foundation/Http/Kernel.php(175): Illuminate\\Pipeline\\Pipeline->then(Object(Closure))
#107 /data01/virt121463/domeenid/www.turtlecheescake.eu/htdocs/vendor/laravel/framework/src/Illuminate/Foundation/Http/Kernel.php(144): Illuminate\\Foundation\\Http\\Kernel->sendRequestThroughRouter(Object(Illuminate\\Http\\Request))
#108 /data01/virt121463/domeenid/www.turtlecheescake.eu/htdocs/index.php(52): Illuminate\\Foundation\\Http\\Kernel->handle(Object(Illuminate\\Http\\Request))
#109 {main}
"} 
